#
# There is insufficient memory for the Java Runtime Environment to continue.
# Native memory allocation (malloc) failed to allocate 1048576 bytes for AllocateHeap
# Possible reasons:
#   The system is out of physical RAM or swap space
#   The process is running with CompressedOops enabled, and the Java Heap may be blocking the growth of the native heap
# Possible solutions:
#   Reduce memory load on the system
#   Increase physical memory or swap space
#   Check if swap backing store is full
#   Decrease Java heap size (-Xmx/-Xms)
#   Decrease number of Java threads
#   Decrease Java thread stack sizes (-Xss)
#   Set larger code cache with -XX:ReservedCodeCacheSize=
#   JVM is running with Unscaled Compressed Oops mode in which the Java heap is
#     placed in the first 4GB address space. The Java Heap base address is the
#     maximum limit for the native heap growth. Please use -XX:HeapBaseMinAddress
#     to set the Java Heap base and to place the Java Heap above 4GB virtual address.
# This output file may be truncated or incomplete.
#
#  Out of Memory Error (memory/allocation.inline.hpp:61), pid=17260, tid=0x0000000000004e04
#
# JRE version:  (8.0_231-b11) (build )
# Java VM: Java HotSpot(TM) 64-Bit Server VM (25.231-b11 mixed mode windows-amd64 compressed oops)
# Failed to write core dump. Minidumps are not enabled by default on client versions of Windows
#

---------------  T H R E A D  ---------------

Current thread (0x0000000000b4d800):  JavaThread "Unknown thread" [_thread_in_vm, id=19972, stack(0x0000000002810000,0x0000000002910000)]

Stack: [0x0000000002810000,0x0000000002910000]
[error occurred during error reporting (printing stack bounds), id 0xc0000005]

Native frames: (J=compiled Java code, j=interpreted, Vv=VM code, C=native code)


---------------  P R O C E S S  ---------------

Java Threads: ( => current thread )

Other Threads:

=>0x0000000000b4d800 (exited) JavaThread "Unknown thread" [_thread_in_vm, id=19972, stack(0x0000000002810000,0x0000000002910000)]

VM state:not at safepoint (normal execution)

VM Mutex/Monitor currently owned by a thread: None

heap address: 0x0000000081e00000, size: 2018 MB, Compressed Oops mode: 32-bit
Narrow klass base: 0x0000000000000000, Narrow klass shift: 3
Compressed class space size: 1073741824 Address: 0x0000000100000000

Heap:
 PSYoungGen      total 38400K, used 665K [0x00000000d5f80000, 0x00000000d8a00000, 0x0000000100000000)
  eden space 33280K, 2% used [0x00000000d5f80000,0x00000000d6026670,0x00000000d8000000)
  from space 5120K, 0% used [0x00000000d8500000,0x00000000d8500000,0x00000000d8a00000)
  to   space 5120K, 0% used [0x00000000d8000000,0x00000000d8000000,0x00000000d8500000)
 ParOldGen       total 87552K, used 0K [0x0000000081e00000, 0x0000000087380000, 0x00000000d5f80000)
  object space 87552K, 0% used [0x0000000081e00000,0x0000000081e00000,0x0000000087380000)
 Metaspace       used 752K, capacity 4480K, committed 4480K, reserved 1056768K
  class space    used 76K, capacity 384K, committed 384K, reserved 1048576K

Card table byte_map: [0x0000000011dd0000,0x00000000121d0000] byte_map_base: 0x00000000119c1000

Marking Bits: (ParMarkBitMap*) 0x00000000535a6d90
 Begin Bits: [0x0000000012c80000, 0x0000000014c08000)
 End Bits:   [0x0000000014c08000, 0x0000000016b90000)

Polling page: 0x00000000007f0000

CodeCache: size=245760Kb used=328Kb max_used=328Kb free=245431Kb
 bounds [0x0000000002a10000, 0x0000000002c80000, 0x0000000011a10000]
 total_blobs=58 nmethods=0 adapters=38
 compilation: enabled

Compilation events (0 events):
No events

GC Heap History (0 events):
No events

Deoptimization events (0 events):
No events

Classes redefined (0 events):
No events

Internal exceptions (0 events):
No events

Events (10 events):
Event: 0.219 loading class java/lang/Short
Event: 0.220 loading class java/lang/Short done
Event: 0.220 loading class java/lang/Integer
Event: 0.220 loading class java/lang/Integer done
Event: 0.220 loading class java/lang/Long
Event: 0.221 loading class java/lang/Long done
Event: 0.222 loading class java/lang/NullPointerException
Event: 0.223 loading class java/lang/NullPointerException done
Event: 0.223 loading class java/lang/ArithmeticException
Event: 0.223 loading class java/lang/ArithmeticException done


Dynamic libraries:
0x00007ff6e0a00000 - 0x00007ff6e0a37000 	C:\Program Files\Java\jre1.8.0_231\bin\javaw.exe
0x00007ffdde920000 - 0x00007ffddeb10000 	C:\WINDOWS\SYSTEM32\ntdll.dll
0x00007ffdddeb0000 - 0x00007ffdddf62000 	C:\WINDOWS\System32\KERNEL32.DLL
0x00007ffddbad0000 - 0x00007ffddbd73000 	C:\WINDOWS\System32\KERNELBASE.dll
0x00007ffdde780000 - 0x00007ffdde823000 	C:\WINDOWS\System32\ADVAPI32.dll
0x00007ffddcf60000 - 0x00007ffddcffe000 	C:\WINDOWS\System32\msvcrt.dll
0x00007ffddcdd0000 - 0x00007ffddce67000 	C:\WINDOWS\System32\sechost.dll
0x00007ffddcaf0000 - 0x00007ffddcc10000 	C:\WINDOWS\System32\RPCRT4.dll
0x00007ffddd900000 - 0x00007ffddda94000 	C:\WINDOWS\System32\USER32.dll
0x00007ffddbd80000 - 0x00007ffddbda1000 	C:\WINDOWS\System32\win32u.dll
0x00007ffdde460000 - 0x00007ffdde486000 	C:\WINDOWS\System32\GDI32.dll
0x00007ffddc730000 - 0x00007ffddc8c4000 	C:\WINDOWS\System32\gdi32full.dll
0x00007ffddc930000 - 0x00007ffddc9ce000 	C:\WINDOWS\System32\msvcp_win.dll
0x00007ffddb8b0000 - 0x00007ffddb9aa000 	C:\WINDOWS\System32\ucrtbase.dll
0x00007ffdc9700000 - 0x00007ffdc9985000 	C:\WINDOWS\WinSxS\amd64_microsoft.windows.common-controls_6595b64144ccf1df_6.0.18362.778_none_e6c6b761130d4fb8\COMCTL32.dll
0x00007ffdddb70000 - 0x00007ffdddea6000 	C:\WINDOWS\System32\combase.dll
0x00007ffddbdb0000 - 0x00007ffddbe30000 	C:\WINDOWS\System32\bcryptPrimitives.dll
0x00007ffddcac0000 - 0x00007ffddcaee000 	C:\WINDOWS\System32\IMM32.DLL
0x0000000053d80000 - 0x0000000053e52000 	C:\Program Files\Java\jre1.8.0_231\bin\msvcr100.dll
0x0000000052d80000 - 0x0000000053626000 	C:\Program Files\Java\jre1.8.0_231\bin\server\jvm.dll
0x00007ffddca40000 - 0x00007ffddca48000 	C:\WINDOWS\System32\PSAPI.DLL
0x00007ffdc57a0000 - 0x00007ffdc57a9000 	C:\WINDOWS\SYSTEM32\WSOCK32.dll
0x00007ffddce70000 - 0x00007ffddcedf000 	C:\WINDOWS\System32\WS2_32.dll
0x00007ffdd91d0000 - 0x00007ffdd91f4000 	C:\WINDOWS\SYSTEM32\WINMM.dll
0x00007ffdd4180000 - 0x00007ffdd418a000 	C:\WINDOWS\SYSTEM32\VERSION.dll
0x00007ffdd91a0000 - 0x00007ffdd91cd000 	C:\WINDOWS\SYSTEM32\winmmbase.dll
0x00007ffddba60000 - 0x00007ffddbaaa000 	C:\WINDOWS\System32\cfgmgr32.dll
0x00007ffdc8520000 - 0x00007ffdc852f000 	C:\Program Files\Java\jre1.8.0_231\bin\verify.dll
0x00007ffdbca60000 - 0x00007ffdbca89000 	C:\Program Files\Java\jre1.8.0_231\bin\java.dll
0x00007ffdc7a60000 - 0x00007ffdc7a76000 	C:\Program Files\Java\jre1.8.0_231\bin\zip.dll

VM Arguments:
jvm_args: -Dfile.encoding=GBK 
java_command: day09.LianXi
java_class_path (initial): F:\java\day09\bin
Launcher Type: SUN_STANDARD

Environment Variables:
JAVA_HOME=C:\Program Files\Java\jdk1.8.0_231
CLASSPATH=.;C:\Program Files\Java\jdk1.8.0_231\lib\dt.jar;C:\Program Files\Java\jdk1.8.0_231\lib\tools.jar;
PATH=C:/Program Files/Java/jre1.8.0_231/bin/server;C:/Program Files/Java/jre1.8.0_231/bin;C:/Program Files/Java/jre1.8.0_231/lib/amd64;C:\Program Files (x86)\Common Files\Oracle\Java\javapath;C:\WINDOWS\system32;C:\WINDOWS;C:\WINDOWS\System32\Wbem;C:\WINDOWS\System32\WindowsPowerShell\v1.0\;C:\WINDOWS\System32\OpenSSH\;C:\Program Files (x86)\NVIDIA Corporation\PhysX\Common;C:\Program Files\NVIDIA Corporation\NVIDIA NvDLISR;C:\Program Files\Java\jdk1.8.0_231\bin;C:\Users\Administrator\AppData\Local\Microsoft\WindowsApps;;F:\环境\eclipse;
USERNAME=Administrator
OS=Windows_NT
PROCESSOR_IDENTIFIER=Intel64 Family 6 Model 158 Stepping 9, GenuineIntel



---------------  S Y S T E M  ---------------

OS: Windows 10.0 , 64 bit Build 18362 (10.0.18362.778)

CPU:total 8 (initial active 8) (4 cores per cpu, 2 threads per core) family 6 model 158 stepping 9, cmov, cx8, fxsr, mmx, sse, sse2, sse3, ssse3, sse4.1, sse4.2, popcnt, avx, avx2, aes, clmul, erms, 3dnowpref, lzcnt, ht, tsc, tscinvbit, bmi1, bmi2, adx

Memory: 4k page, physical 8260772k(2567552k free), swap 23645024k(5232k free)

vm_info: Java HotSpot(TM) 64-Bit Server VM (25.231-b11) for windows-amd64 JRE (1.8.0_231-b11), built on Oct  5 2019 03:11:30 by "java_re" with MS VC++ 10.0 (VS2010)

time: Thu May 07 16:44:41 2020
timezone: 中国标准时间
elapsed time: 0 seconds (0d 0h 0m 0s)

